Using pre-set license
Built from '2020.3/release' branch; Version is '2020.3.1f1 (77a89f25062f) revision 7841951'; Using compiler version '192528614'; Build Type 'Release'
OS: 'Windows 10 Pro; OS build 19042.870; Version 2009; 64bit' Language: 'ru' Physical Memory: 4024 MB
BatchMode: 1, IsHumanControllingUs: 0, StartBugReporterOnCrash: 0, Is64bit: 1, IsPro: 0

 COMMAND LINE ARGUMENTS:
E:\UnityVersion\2020.3.1f1\Editor\Unity.exe
-adb2
-batchMode
-noUpm
-name
AssetImportWorker0
-projectPath
E:/UnityProjects/WaterRunner
-logFile
Logs/AssetImportWorker0.log
-srvPort
59934
Successfully changed project path to: E:/UnityProjects/WaterRunner
E:/UnityProjects/WaterRunner
Using Asset Import Pipeline V2.
Refreshing native plugins compatible for Editor in 39.72 ms, found 0 plugins.
Preloading 0 native plugins for Editor in 0.00 ms.
Initialize engine version: 2020.3.1f1 (77a89f25062f)
[Subsystems] Discovering subsystems at path E:/UnityVersion/2020.3.1f1/Editor/Data/Resources/UnitySubsystems
[Subsystems] Discovering subsystems at path E:/UnityProjects/WaterRunner/Assets
GfxDevice: creating device client; threaded=0
Direct3D:
    Version:  Direct3D 11.0 [level 11.0]
    Renderer: NVIDIA GeForce GTX 660 (ID=0x11c0)
    Vendor:   
    VRAM:     1998 MB
    Driver:   27.21.14.6589
Initialize mono
Mono path[0] = 'E:/UnityVersion/2020.3.1f1/Editor/Data/Managed'
Mono path[1] = 'E:/UnityVersion/2020.3.1f1/Editor/Data/MonoBleedingEdge/lib/mono/unityjit'
Mono config path = 'E:/UnityVersion/2020.3.1f1/Editor/Data/MonoBleedingEdge/etc'
Using monoOptions --debugger-agent=transport=dt_socket,embedding=1,server=y,suspend=n,address=127.0.0.1:56476
Begin MonoManager ReloadAssembly
Registering precompiled unity dll's ...
Register platform support module: E:/UnityVersion/2020.3.1f1/Editor/Data/PlaybackEngines/WindowsStandaloneSupport/UnityEditor.WindowsStandalone.Extensions.dll
Registered in 0.001191 seconds.
Native extension for WindowsStandalone target not found
Refreshing native plugins compatible for Editor in 24.49 ms, found 0 plugins.
Preloading 0 native plugins for Editor in 0.00 ms.
Invoked RoslynAnalysisRunner static constructor.
RoslynAnalysisRunner will not be running.
RoslynAnalysisRunner has terminated.
Mono: successfully reloaded assembly
- Completed reload, in  1.686 seconds
Platform modules already initialized, skipping
Registering precompiled user dll's ...
Registered in 0.017205 seconds.
Begin MonoManager ReloadAssembly
Native extension for WindowsStandalone target not found
Refreshing native plugins compatible for Editor in 1.11 ms, found 0 plugins.
Preloading 0 native plugins for Editor in 0.00 ms.
Invoked RoslynAnalysisRunner static constructor.
RoslynAnalysisRunner will not be running.
RoslynAnalysisRunner has terminated.
Mono: successfully reloaded assembly
- Completed reload, in  6.009 seconds
Platform modules already initialized, skipping
========================================================================
Worker process is ready to serve import requests
Launched and connected shader compiler UnityShaderCompiler.exe after 0.26 seconds
Refreshing native plugins compatible for Editor in 0.54 ms, found 0 plugins.
Preloading 0 native plugins for Editor in 0.00 ms.
Unloading 1117 Unused Serialized files (Serialized files now loaded: 0)
System memory in use before: 57.0 MB.
System memory in use after: 57.1 MB.

Unloading 9 unused Assets to reduce memory usage. Loaded Objects now: 1560.
Total: 2.349000 ms (FindLiveObjects: 0.190800 ms CreateObjectMapping: 0.047200 ms MarkObjects: 1.998400 ms  DeleteObjects: 0.111300 ms)

========================================================================
Received Import Request.
  path: Assets/Scripts/Score.cs
  artifactKey: Guid(bbff2dcb3eb9d9047b62e10185218437) Importer(815301076,1909f56bfc062723c751e8b465ee728b)
Start importing Assets/Scripts/Score.cs using Guid(bbff2dcb3eb9d9047b62e10185218437) Importer(815301076,1909f56bfc062723c751e8b465ee728b)  -> (artifact id: 'c076815df722c57e48d4aac7caffb8e6') in 0.260513 seconds
  Import took 0.264646 seconds .

========================================================================
Received Import Request.
  Time since last request: 23.331505 seconds.
  path: Assets/Scripts/Score.cs
  artifactKey: Guid(bbff2dcb3eb9d9047b62e10185218437) Importer(815301076,1909f56bfc062723c751e8b465ee728b)
Start importing Assets/Scripts/Score.cs using Guid(bbff2dcb3eb9d9047b62e10185218437) Importer(815301076,1909f56bfc062723c751e8b465ee728b)  -> (artifact id: 'd50f6f82393317887288ae6dd917018b') in 0.049280 seconds
  Import took 0.052949 seconds .

========================================================================
Received Import Request.
  Time since last request: 0.866977 seconds.
  path: Assets/Scripts/Score.cs
  artifactKey: Guid(bbff2dcb3eb9d9047b62e10185218437) Importer(815301076,1909f56bfc062723c751e8b465ee728b)
Start importing Assets/Scripts/Score.cs using Guid(bbff2dcb3eb9d9047b62e10185218437) Importer(815301076,1909f56bfc062723c751e8b465ee728b)  -> (artifact id: 'd50f6f82393317887288ae6dd917018b') in 0.006989 seconds
  Import took 0.011875 seconds .

========================================================================
Received Prepare
Registering precompiled user dll's ...
Registered in 0.022620 seconds.
Begin MonoManager ReloadAssembly
Native extension for WindowsStandalone target not found
Refreshing native plugins compatible for Editor in 0.24 ms, found 0 plugins.
Preloading 0 native plugins for Editor in 0.00 ms.
Invoked RoslynAnalysisRunner static constructor.
RoslynAnalysisRunner will not be running.
RoslynAnalysisRunner has terminated.
Mono: successfully reloaded assembly
- Completed reload, in  1.453 seconds
Platform modules already initialized, skipping
Refreshing native plugins compatible for Editor in 0.33 ms, found 0 plugins.
Preloading 0 native plugins for Editor in 0.00 ms.
Unloading 1111 Unused Serialized files (Serialized files now loaded: 0)
System memory in use before: 56.9 MB.
System memory in use after: 57.0 MB.

Unloading 4 unused Assets to reduce memory usage. Loaded Objects now: 1563.
Total: 2.632500 ms (FindLiveObjects: 0.224400 ms CreateObjectMapping: 0.097000 ms MarkObjects: 2.281800 ms  DeleteObjects: 0.028200 ms)

========================================================================
Received Prepare
Registering precompiled user dll's ...
Registered in 0.000646 seconds.
Begin MonoManager ReloadAssembly
Native extension for WindowsStandalone target not found
Refreshing native plugins compatible for Editor in 0.25 ms, found 0 plugins.
Preloading 0 native plugins for Editor in 0.00 ms.
Invoked RoslynAnalysisRunner static constructor.
RoslynAnalysisRunner will not be running.
RoslynAnalysisRunner has terminated.
Mono: successfully reloaded assembly
- Completed reload, in  0.940 seconds
Platform modules already initialized, skipping
Refreshing native plugins compatible for Editor in 0.32 ms, found 0 plugins.
Preloading 0 native plugins for Editor in 0.00 ms.
Unloading 1111 Unused Serialized files (Serialized files now loaded: 0)
System memory in use before: 57.0 MB.
System memory in use after: 57.1 MB.

Unloading 4 unused Assets to reduce memory usage. Loaded Objects now: 1566.
Total: 2.101300 ms (FindLiveObjects: 0.304200 ms CreateObjectMapping: 0.047900 ms MarkObjects: 1.732900 ms  DeleteObjects: 0.014900 ms)

========================================================================
Received Import Request.
  Time since last request: 482.899240 seconds.
  path: Assets/Scripts/Score.cs
  artifactKey: Guid(bbff2dcb3eb9d9047b62e10185218437) Importer(815301076,1909f56bfc062723c751e8b465ee728b)
Start importing Assets/Scripts/Score.cs using Guid(bbff2dcb3eb9d9047b62e10185218437) Importer(815301076,1909f56bfc062723c751e8b465ee728b)  -> (artifact id: 'e80cb4a8f385756ba0fe1ed09d2ba12e') in 0.010153 seconds
  Import took 0.012614 seconds .

========================================================================
Received Prepare
Registering precompiled user dll's ...
Registered in 0.000631 seconds.
Begin MonoManager ReloadAssembly
Native extension for WindowsStandalone target not found
Refreshing native plugins compatible for Editor in 0.24 ms, found 0 plugins.
Preloading 0 native plugins for Editor in 0.00 ms.
Invoked RoslynAnalysisRunner static constructor.
RoslynAnalysisRunner will not be running.
RoslynAnalysisRunner has terminated.
Mono: successfully reloaded assembly
- Completed reload, in  0.966 seconds
Platform modules already initialized, skipping
Refreshing native plugins compatible for Editor in 0.38 ms, found 0 plugins.
Preloading 0 native plugins for Editor in 0.00 ms.
Unloading 1111 Unused Serialized files (Serialized files now loaded: 0)
System memory in use before: 57.0 MB.
System memory in use after: 57.1 MB.

Unloading 4 unused Assets to reduce memory usage. Loaded Objects now: 1569.
Total: 3.267500 ms (FindLiveObjects: 0.217600 ms CreateObjectMapping: 0.080600 ms MarkObjects: 2.942600 ms  DeleteObjects: 0.025000 ms)

========================================================================
Received Import Request.
  Time since last request: 351.254259 seconds.
  path: Assets/Prefabs/GameObject (3).prefab
  artifactKey: Guid(0c6c0b8277f0c034fb0c0620d82e398f) Importer(815301076,1909f56bfc062723c751e8b465ee728b)
Start importing Assets/Prefabs/GameObject (3).prefab using Guid(0c6c0b8277f0c034fb0c0620d82e398f) Importer(815301076,1909f56bfc062723c751e8b465ee728b)  -> (artifact id: 'ef03ae98d9b4ba3a4b9e6b440a789eab') in 0.739860 seconds
  Import took 0.745391 seconds .

========================================================================
Received Import Request.
  Time since last request: 0.000264 seconds.
  path: Assets/Prefabs/GameObject (1).prefab
  artifactKey: Guid(bf143eb4a00adbf42b63286b3d56f06b) Importer(815301076,1909f56bfc062723c751e8b465ee728b)
Start importing Assets/Prefabs/GameObject (1).prefab using Guid(bf143eb4a00adbf42b63286b3d56f06b) Importer(815301076,1909f56bfc062723c751e8b465ee728b)  -> (artifact id: 'cd807aabbac3ee864029bc638be77fc3') in 0.104433 seconds
  Import took 0.107523 seconds .

========================================================================
Received Import Request.
  Time since last request: 0.000239 seconds.
  path: Assets/Prefabs/GameObject.prefab
  artifactKey: Guid(d1b421ab126192b4895e3f0f6df9c19d) Importer(815301076,1909f56bfc062723c751e8b465ee728b)
Start importing Assets/Prefabs/GameObject.prefab using Guid(d1b421ab126192b4895e3f0f6df9c19d) Importer(815301076,1909f56bfc062723c751e8b465ee728b)  -> (artifact id: 'da05be8354397ffe1d63d17590b01b27') in 0.064934 seconds
  Import took 0.067386 seconds .

========================================================================
Received Import Request.
  Time since last request: 0.000182 seconds.
  path: Assets/Prefabs/GameObject (2).prefab
  artifactKey: Guid(517a8ac1b014ce644a8978b4709bb346) Importer(815301076,1909f56bfc062723c751e8b465ee728b)
Start importing Assets/Prefabs/GameObject (2).prefab using Guid(517a8ac1b014ce644a8978b4709bb346) Importer(815301076,1909f56bfc062723c751e8b465ee728b)  -> (artifact id: 'b7dc3efb28cea54fd9a114fff61ba0ab') in 0.034029 seconds
  Import took 0.038578 seconds .

========================================================================
Received Import Request.
  Time since last request: 0.000579 seconds.
  path: Assets/Prefabs
  artifactKey: Guid(14fb4a6df36688e41941a9713bdbb79e) Importer(815301076,1909f56bfc062723c751e8b465ee728b)
Start importing Assets/Prefabs using Guid(14fb4a6df36688e41941a9713bdbb79e) Importer(815301076,1909f56bfc062723c751e8b465ee728b)  -> (artifact id: '400cba41aaf28c3d9ba07dcf15d19732') in 0.013849 seconds
  Import took 0.018821 seconds .

========================================================================
Received Import Request.
  Time since last request: 0.000233 seconds.
  path: Assets/Prefabs/GameObject (2).prefab
  artifactKey: Guid(517a8ac1b014ce644a8978b4709bb346) Importer(815301076,1909f56bfc062723c751e8b465ee728b)
Start importing Assets/Prefabs/GameObject (2).prefab using Guid(517a8ac1b014ce644a8978b4709bb346) Importer(815301076,1909f56bfc062723c751e8b465ee728b)  -> (artifact id: 'b7dc3efb28cea54fd9a114fff61ba0ab') in 0.032617 seconds
  Import took 0.050401 seconds .

========================================================================
Received Import Request.
  Time since last request: 14.698348 seconds.
  path: ProjectSettings/TagManager.asset
  artifactKey: Guid(00000000000000003000000000000000) Importer(815301076,1909f56bfc062723c751e8b465ee728b)
Start importing ProjectSettings/TagManager.asset using Guid(00000000000000003000000000000000) Importer(815301076,1909f56bfc062723c751e8b465ee728b)  -> (artifact id: '34e1795eee3377058cd3b53e2852522b') in 0.021897 seconds
  Import took 0.026539 seconds .

========================================================================
Received Import Request.
  Time since last request: 0.012736 seconds.
  path: ProjectSettings/TagManager.asset
  artifactKey: Guid(00000000000000003000000000000000) Importer(815301076,1909f56bfc062723c751e8b465ee728b)
Start importing ProjectSettings/TagManager.asset using Guid(00000000000000003000000000000000) Importer(815301076,1909f56bfc062723c751e8b465ee728b)  -> (artifact id: '34e1795eee3377058cd3b53e2852522b') in 0.036771 seconds
  Import took 0.042479 seconds .

========================================================================
Received Prepare
Registering precompiled user dll's ...
Registered in 0.000635 seconds.
Begin MonoManager ReloadAssembly
Native extension for WindowsStandalone target not found
Refreshing native plugins compatible for Editor in 1.36 ms, found 0 plugins.
Preloading 0 native plugins for Editor in 0.00 ms.
Invoked RoslynAnalysisRunner static constructor.
RoslynAnalysisRunner will not be running.
RoslynAnalysisRunner has terminated.
Mono: successfully reloaded assembly
- Completed reload, in  1.043 seconds
Platform modules already initialized, skipping
Refreshing native plugins compatible for Editor in 0.23 ms, found 0 plugins.
Preloading 0 native plugins for Editor in 0.00 ms.
Unloading 1111 Unused Serialized files (Serialized files now loaded: 0)
System memory in use before: 60.1 MB.
System memory in use after: 60.2 MB.

Unloading 7 unused Assets to reduce memory usage. Loaded Objects now: 1580.
Total: 1.708400 ms (FindLiveObjects: 0.155900 ms CreateObjectMapping: 0.044600 ms MarkObjects: 1.486600 ms  DeleteObjects: 0.020200 ms)

========================================================================
Received Prepare
Registering precompiled user dll's ...
Registered in 0.000548 seconds.
Begin MonoManager ReloadAssembly
Native extension for WindowsStandalone target not found
Refreshing native plugins compatible for Editor in 0.26 ms, found 0 plugins.
Preloading 0 native plugins for Editor in 0.00 ms.
Invoked RoslynAnalysisRunner static constructor.
RoslynAnalysisRunner will not be running.
RoslynAnalysisRunner has terminated.
Mono: successfully reloaded assembly
- Completed reload, in  1.105 seconds
Platform modules already initialized, skipping
Refreshing native plugins compatible for Editor in 0.26 ms, found 0 plugins.
Preloading 0 native plugins for Editor in 0.00 ms.
Unloading 1111 Unused Serialized files (Serialized files now loaded: 0)
System memory in use before: 60.1 MB.
System memory in use after: 60.2 MB.

Unloading 4 unused Assets to reduce memory usage. Loaded Objects now: 1583.
Total: 1.819300 ms (FindLiveObjects: 0.154700 ms CreateObjectMapping: 0.043100 ms MarkObjects: 1.605600 ms  DeleteObjects: 0.014700 ms)

========================================================================
Received Prepare
Registering precompiled user dll's ...
Registered in 0.000568 seconds.
Begin MonoManager ReloadAssembly
Native extension for WindowsStandalone target not found
Refreshing native plugins compatible for Editor in 0.24 ms, found 0 plugins.
Preloading 0 native plugins for Editor in 0.00 ms.
Invoked RoslynAnalysisRunner static constructor.
RoslynAnalysisRunner will not be running.
RoslynAnalysisRunner has terminated.
Mono: successfully reloaded assembly
- Completed reload, in  0.999 seconds
Platform modules already initialized, skipping
Refreshing native plugins compatible for Editor in 0.26 ms, found 0 plugins.
Preloading 0 native plugins for Editor in 0.00 ms.
Unloading 1111 Unused Serialized files (Serialized files now loaded: 0)
System memory in use before: 60.1 MB.
System memory in use after: 60.2 MB.

Unloading 4 unused Assets to reduce memory usage. Loaded Objects now: 1586.
Total: 1.922600 ms (FindLiveObjects: 0.171200 ms CreateObjectMapping: 0.044500 ms MarkObjects: 1.665100 ms  DeleteObjects: 0.040700 ms)

========================================================================
Received Prepare
Registering precompiled user dll's ...
Registered in 0.000617 seconds.
Begin MonoManager ReloadAssembly
Native extension for WindowsStandalone target not found
Refreshing native plugins compatible for Editor in 0.25 ms, found 0 plugins.
Preloading 0 native plugins for Editor in 0.00 ms.
Invoked RoslynAnalysisRunner static constructor.
RoslynAnalysisRunner will not be running.
RoslynAnalysisRunner has terminated.
Mono: successfully reloaded assembly
- Completed reload, in  1.050 seconds
Platform modules already initialized, skipping
Refreshing native plugins compatible for Editor in 0.32 ms, found 0 plugins.
Preloading 0 native plugins for Editor in 0.00 ms.
Unloading 1111 Unused Serialized files (Serialized files now loaded: 0)
System memory in use before: 60.1 MB.
System memory in use after: 60.2 MB.

Unloading 4 unused Assets to reduce memory usage. Loaded Objects now: 1589.
Total: 2.992200 ms (FindLiveObjects: 0.229300 ms CreateObjectMapping: 0.137300 ms MarkObjects: 2.518400 ms  DeleteObjects: 0.104900 ms)

========================================================================
Received Prepare
Registering precompiled user dll's ...
Registered in 0.001530 seconds.
Begin MonoManager ReloadAssembly
Native extension for WindowsStandalone target not found
Refreshing native plugins compatible for Editor in 0.25 ms, found 0 plugins.
Preloading 0 native plugins for Editor in 0.00 ms.
Invoked RoslynAnalysisRunner static constructor.
RoslynAnalysisRunner will not be running.
RoslynAnalysisRunner has terminated.
Mono: successfully reloaded assembly
- Completed reload, in  1.408 seconds
Platform modules already initialized, skipping
Refreshing native plugins compatible for Editor in 0.28 ms, found 0 plugins.
Preloading 0 native plugins for Editor in 0.00 ms.
Unloading 1079 Unused Serialized files (Serialized files now loaded: 0)
System memory in use before: 59.1 MB.
System memory in use after: 59.2 MB.

Unloading 6 unused Assets to reduce memory usage. Loaded Objects now: 1577.
Total: 2.398200 ms (FindLiveObjects: 0.157000 ms CreateObjectMapping: 0.046300 ms MarkObjects: 2.143100 ms  DeleteObjects: 0.050500 ms)

